# JRE version: Java(TM) SE Runtime Environment (8.0_20-b26) (build 1.8.0_20-b26)
# Java VM: Java HotSpot(TM) 64-Bit Server VM (25.20-b23 mixed mode bsd-amd64 compressed oops)
Heap:
 PSYoungGen      total 35328K, used 2523K [0x00000007aab00000, 0x00000007ad000000, 0x00000007c0000000)
  eden space 32768K, 7% used [0x00000007aab00000,0x00000007aad76f50,0x00000007acb00000)
  from space 2560K, 0% used [0x00000007acd80000,0x00000007acd80000,0x00000007ad000000)
  to   space 2560K, 0% used [0x00000007acb00000,0x00000007acb00000,0x00000007acd80000)
 ParOldGen       total 69632K, used 32071K [0x0000000780000000, 0x0000000784400000, 0x00000007aab00000)
  object space 69632K, 46% used [0x0000000780000000,0x0000000781f51ed0,0x0000000784400000)
 Metaspace       used 11557K, capacity 11980K, committed 12032K, reserved 1058816K
  class space    used 1673K, capacity 1786K, committed 1792K, reserved 1048576K
GC Heap History (10 events):
Event: 4.819 GC heap before
{Heap before GC invocations=1 (full 0):
 PSYoungGen      total 18944K, used 16384K [0x00000007aab00000, 0x00000007ac000000, 0x00000007c0000000)
  eden space 16384K, 100% used [0x00000007aab00000,0x00000007abb00000,0x00000007abb00000)
  from space 2560K, 0% used [0x00000007abd80000,0x00000007abd80000,0x00000007ac000000)
  to   space 2560K, 0% used [0x00000007abb00000,0x00000007abb00000,0x00000007abd80000)
 ParOldGen       total 44032K, used 0K [0x0000000780000000, 0x0000000782b00000, 0x00000007aab00000)
  object space 44032K, 0% used [0x0000000780000000,0x0000000780000000,0x0000000782b00000)
 Metaspace       used 8894K, capacity 9444K, committed 9600K, reserved 1056768K
  class space    used 1216K, capacity 1305K, committed 1408K, reserved 1048576K
Event: 4.825 GC heap after
Heap after GC invocations=1 (full 0):
 PSYoungGen      total 18944K, used 2512K [0x00000007aab00000, 0x00000007ac000000, 0x00000007c0000000)
  eden space 16384K, 0% used [0x00000007aab00000,0x00000007aab00000,0x00000007abb00000)
  from space 2560K, 98% used [0x00000007abb00000,0x00000007abd74030,0x00000007abd80000)
  to   space 2560K, 0% used [0x00000007abd80000,0x00000007abd80000,0x00000007ac000000)
 ParOldGen       total 44032K, used 16K [0x0000000780000000, 0x0000000782b00000, 0x00000007aab00000)
  object space 44032K, 0% used [0x0000000780000000,0x0000000780004000,0x0000000782b00000)
 Metaspace       used 8894K, capacity 9444K, committed 9600K, reserved 1056768K
  class space    used 1216K, capacity 1305K, committed 1408K, reserved 1048576K
}
Event: 17.010 GC heap before
{Heap before GC invocations=2 (full 0):
 PSYoungGen      total 18944K, used 18351K [0x00000007aab00000, 0x00000007ac000000, 0x00000007c0000000)
  eden space 16384K, 96% used [0x00000007aab00000,0x00000007aba77e60,0x00000007abb00000)
  from space 2560K, 98% used [0x00000007abb00000,0x00000007abd74030,0x00000007abd80000)
  to   space 2560K, 0% used [0x00000007abd80000,0x00000007abd80000,0x00000007ac000000)
 ParOldGen       total 44032K, used 16K [0x0000000780000000, 0x0000000782b00000, 0x00000007aab00000)
  object space 44032K, 0% used [0x0000000780000000,0x0000000780004000,0x0000000782b00000)
 Metaspace       used 10673K, capacity 10994K, committed 11136K, reserved 1058816K
  class space    used 1537K, capacity 1627K, committed 1664K, reserved 1048576K
Event: 17.021 GC heap after
Heap after GC invocations=2 (full 0):
 PSYoungGen      total 18944K, used 2545K [0x00000007aab00000, 0x00000007ac000000, 0x00000007c0000000)
  eden space 16384K, 0% used [0x00000007aab00000,0x00000007aab00000,0x00000007abb00000)
  from space 2560K, 99% used [0x00000007abd80000,0x00000007abffc7d8,0x00000007ac000000)
  to   space 2560K, 0% used [0x00000007abb00000,0x00000007abb00000,0x00000007abd80000)
 ParOldGen       total 44032K, used 9824K [0x0000000780000000, 0x0000000782b00000, 0x00000007aab00000)
  object space 44032K, 22% used [0x0000000780000000,0x00000007809981d8,0x0000000782b00000)
 Metaspace       used 10673K, capacity 10994K, committed 11136K, reserved 1058816K
  class space    used 1537K, capacity 1627K, committed 1664K, reserved 1048576K
}
Event: 17.215 GC heap before
{Heap before GC invocations=3 (full 0):
 PSYoungGen      total 18944K, used 16157K [0x00000007aab00000, 0x00000007ac000000, 0x00000007c0000000)
  eden space 16384K, 83% used [0x00000007aab00000,0x00000007ab84aec0,0x00000007abb00000)
  from space 2560K, 99% used [0x00000007abd80000,0x00000007abffc7d8,0x00000007ac000000)
  to   space 2560K, 0% used [0x00000007abb00000,0x00000007abb00000,0x00000007abd80000)
 ParOldGen       total 44032K, used 9824K [0x0000000780000000, 0x0000000782b00000, 0x00000007aab00000)
  object space 44032K, 22% used [0x0000000780000000,0x00000007809981d8,0x0000000782b00000)
 Metaspace       used 10674K, capacity 10994K, committed 11136K, reserved 1058816K
  class space    used 1537K, capacity 1627K, committed 1664K, reserved 1048576K
Event: 17.222 GC heap after
Heap after GC invocations=3 (full 0):
 PSYoungGen      total 18944K, used 2530K [0x00000007aab00000, 0x00000007ad000000, 0x00000007c0000000)
  eden space 16384K, 0% used [0x00000007aab00000,0x00000007aab00000,0x00000007abb00000)
  from space 2560K, 98% used [0x00000007abb00000,0x00000007abd78848,0x00000007abd80000)
  to   space 2560K, 0% used [0x00000007acd80000,0x00000007acd80000,0x00000007ad000000)
 ParOldGen       total 44032K, used 20647K [0x0000000780000000, 0x0000000782b00000, 0x00000007aab00000)
  object space 44032K, 46% used [0x0000000780000000,0x0000000781429d48,0x0000000782b00000)
 Metaspace       used 10674K, capacity 10994K, committed 11136K, reserved 1058816K
  class space    used 1537K, capacity 1627K, committed 1664K, reserved 1048576K
}
Event: 18.333 GC heap before
{Heap before GC invocations=4 (full 0):
 PSYoungGen      total 18944K, used 18914K [0x00000007aab00000, 0x00000007ad000000, 0x00000007c0000000)
  eden space 16384K, 100% used [0x00000007aab00000,0x00000007abb00000,0x00000007abb00000)
  from space 2560K, 98% used [0x00000007abb00000,0x00000007abd78848,0x00000007abd80000)
  to   space 2560K, 0% used [0x00000007acd80000,0x00000007acd80000,0x00000007ad000000)
 ParOldGen       total 44032K, used 20647K [0x0000000780000000, 0x0000000782b00000, 0x00000007aab00000)
  object space 44032K, 46% used [0x0000000780000000,0x0000000781429d48,0x0000000782b00000)
 Metaspace       used 10803K, capacity 11220K, committed 11392K, reserved 1058816K
  class space    used 1561K, capacity 1660K, committed 1664K, reserved 1048576K
Event: 18.342 GC heap after
Heap after GC invocations=4 (full 0):
 PSYoungGen      total 35328K, used 1794K [0x00000007aab00000, 0x00000007ad000000, 0x00000007c0000000)
  eden space 32768K, 0% used [0x00000007aab00000,0x00000007aab00000,0x00000007acb00000)
  from space 2560K, 70% used [0x00000007acd80000,0x00000007acf40a78,0x00000007ad000000)
  to   space 2560K, 0% used [0x00000007acb00000,0x00000007acb00000,0x00000007acd80000)
 ParOldGen       total 44032K, used 33984K [0x0000000780000000, 0x0000000782b00000, 0x00000007aab00000)
  object space 44032K, 77% used [0x0000000780000000,0x0000000782130388,0x0000000782b00000)
 Metaspace       used 10803K, capacity 11220K, committed 11392K, reserved 1058816K
  class space    used 1561K, capacity 1660K, committed 1664K, reserved 1048576K
}
Event: 18.342 GC heap before
{Heap before GC invocations=5 (full 1):
 PSYoungGen      total 35328K, used 1794K [0x00000007aab00000, 0x00000007ad000000, 0x00000007c0000000)
  eden space 32768K, 0% used [0x00000007aab00000,0x00000007aab00000,0x00000007acb00000)
  from space 2560K, 70% used [0x00000007acd80000,0x00000007acf40a78,0x00000007ad000000)
  to   space 2560K, 0% used [0x00000007acb00000,0x00000007acb00000,0x00000007acd80000)
 ParOldGen       total 44032K, used 33984K [0x0000000780000000, 0x0000000782b00000, 0x00000007aab00000)
  object space 44032K, 77% used [0x0000000780000000,0x0000000782130388,0x0000000782b00000)
 Metaspace       used 10803K, capacity 11220K, committed 11392K, reserved 1058816K
  class space    used 1561K, capacity 1660K, committed 1664K, reserved 1048576K
Event: 18.363 GC heap after
Heap after GC invocations=5 (full 1):
 PSYoungGen      total 35328K, used 0K [0x00000007aab00000, 0x00000007ad000000, 0x00000007c0000000)
  eden space 32768K, 0% used [0x00000007aab00000,0x00000007aab00000,0x00000007acb00000)
  from space 2560K, 0% used [0x00000007acd80000,0x00000007acd80000,0x00000007ad000000)
  to   space 2560K, 0% used [0x00000007acb00000,0x00000007acb00000,0x00000007acd80000)
 ParOldGen       total 69632K, used 32071K [0x0000000780000000, 0x0000000784400000, 0x00000007aab00000)
  object space 69632K, 46% used [0x0000000780000000,0x0000000781f51ed0,0x0000000784400000)
 Metaspace       used 10802K, capacity 11218K, committed 11392K, reserved 1058816K
  class space    used 1560K, capacity 1659K, committed 1664K, reserved 1048576K
}

